Start building sites … 
hugo v0.115.0-67caf50698783d3b3d78559ac81483d83e5e1a35+extended linux/amd64 BuildDate=2023-06-29T15:56:39Z VendorInfo=snap:0.115.0


                   | EN  
-------------------+-----
  Pages            |  7  
  Paginator pages  |  0  
  Non-page files   |  0  
  Static files     |  1  
  Processed images |  0  
  Aliases          |  0  
  Sitemaps         |  1  
  Cleaned          |  0  

Built in 135 ms
Watching for changes in /root/quickstart/{archetypes,assets,content,data,layouts,static,themes}
Watching for config changes in /root/quickstart/hugo.toml
Environment: "development"
Serving pages from memory
Running in Fast Render Mode. For full rebuilds on change: hugo server --disableFastRender
Web Server is available at http://localhost:80/ (bind address 0.0.0.0)
Press Ctrl+C to stop
adding created directory to watchlist /root/quickstart/content/blog

Change detected, rebuilding site.
2023-07-03 12:59:20.396 +0000
Source changed CREATE        "/root/quickstart/content/blog/earn-1000-weekly.md"
Total in 4 ms

Change detected, rebuilding site.
2023-07-03 12:59:39.896 +0000
Source changed WRITE         "/root/quickstart/content/blog/earn-1000-weekly.md"
Source changed WRITE         "/root/quickstart/content/blog/earn-1000-weekly.md"
Source changed WRITE         "/root/quickstart/content/blog/earn-1000-weekly.md"
Total in 8 ms
Start building sites … 
hugo v0.115.0-67caf50698783d3b3d78559ac81483d83e5e1a35+extended linux/amd64 BuildDate=2023-06-29T15:56:39Z VendorInfo=snap:0.115.0


                   | EN  
-------------------+-----
  Pages            | 10  
  Paginator pages  |  0  
  Non-page files   |  0  
  Static files     |  1  
  Processed images |  0  
  Aliases          |  1  
  Sitemaps         |  1  
  Cleaned          |  0  

Built in 110 ms
Watching for changes in /root/quickstart/{archetypes,assets,content,data,layouts,static,themes}
Watching for config changes in /root/quickstart/hugo.toml
Environment: "development"
Serving pages from memory
Running in Fast Render Mode. For full rebuilds on change: hugo server --disableFastRender
Web Server is available at http://localhost:80/ (bind address 0.0.0.0)
Press Ctrl+C to stop
http: URL query contains semicolon, which is no longer a supported separator; parts of the query may be stripped when parsed; see golang.org/issue/25192

Change detected, rebuilding site.
2023-07-03 23:11:31.438 +0000
Source changed WRITE         "/root/quickstart/content/blog/earn-1000-weekly.md"
Source changed WRITE         "/root/quickstart/content/blog/earn-1000-weekly.md"
Source changed WRITE         "/root/quickstart/content/blog/earn-1000-weekly.md"
Total in 4 ms

Change detected, rebuilding site.
2023-07-03 23:12:53.438 +0000
Source changed WRITE         "/root/quickstart/content/blog/earn-1000-weekly.md"
Source changed WRITE         "/root/quickstart/content/blog/earn-1000-weekly.md"
Source changed WRITE         "/root/quickstart/content/blog/earn-1000-weekly.md"
Total in 4 ms
Start building sites … 
hugo v0.115.0-67caf50698783d3b3d78559ac81483d83e5e1a35+extended linux/amd64 BuildDate=2023-06-29T15:56:39Z VendorInfo=snap:0.115.0


                   | EN  
-------------------+-----
  Pages            | 10  
  Paginator pages  |  0  
  Non-page files   |  0  
  Static files     |  1  
  Processed images |  0  
  Aliases          |  1  
  Sitemaps         |  1  
  Cleaned          |  0  

Built in 113 ms
Watching for changes in /root/quickstart/{archetypes,assets,content,data,layouts,static,themes}
Watching for config changes in /root/quickstart/hugo.toml
Environment: "development"
Serving pages from memory
Running in Fast Render Mode. For full rebuilds on change: hugo server --disableFastRender
Web Server is available at http://localhost:80/ (bind address 0.0.0.0)
Press Ctrl+C to stop

Change detected, rebuilding site.
2023-07-03 23:20:13.602 +0000
Template changed WRITE         "/root/quickstart/themes/ananke/layouts/_default/baseof.html"
Template changed WRITE         "/root/quickstart/themes/ananke/layouts/_default/baseof.html"
Template changed WRITE         "/root/quickstart/themes/ananke/layouts/_default/baseof.html"
Total in 27 ms

Change of config file detected, rebuilding site.
2023-07-03 23:22:21.102 +0000
Rebuilt in 95 ms

Change of config file detected, rebuilding site.
2023-07-03 23:22:23.199 +0000
Rebuilt in 124 ms

Change detected, rebuilding site.
2023-07-03 23:23:10.603 +0000
Template changed WRITE         "/root/quickstart/themes/ananke/layouts/_default/baseof.html"
Template changed WRITE         "/root/quickstart/themes/ananke/layouts/_default/baseof.html"
Template changed WRITE         "/root/quickstart/themes/ananke/layouts/_default/baseof.html"
Total in 26 ms
Start building sites … 
hugo v0.115.0-67caf50698783d3b3d78559ac81483d83e5e1a35+extended linux/amd64 BuildDate=2023-06-29T15:56:39Z VendorInfo=snap:0.115.0


                   | EN  
-------------------+-----
  Pages            | 10  
  Paginator pages  |  0  
  Non-page files   |  0  
  Static files     |  1  
  Processed images |  0  
  Aliases          |  1  
  Sitemaps         |  1  
  Cleaned          |  0  

Built in 113 ms
Watching for changes in /root/quickstart/{archetypes,assets,content,data,layouts,static,themes}
Watching for config changes in /root/quickstart/hugo.toml
Environment: "development"
Serving pages from memory
Running in Fast Render Mode. For full rebuilds on change: hugo server --disableFastRender
Web Server is available at http://localhost:80/ (bind address 0.0.0.0)
Press Ctrl+C to stop

Change detected, rebuilding site.
2023-07-03 23:28:29.545 +0000
Template changed WRITE         "/root/quickstart/themes/ananke/layouts/_default/baseof.html"
Template changed WRITE         "/root/quickstart/themes/ananke/layouts/_default/baseof.html"
Template changed WRITE         "/root/quickstart/themes/ananke/layouts/_default/baseof.html"
Total in 29 ms
Start building sites … 
hugo v0.115.0-67caf50698783d3b3d78559ac81483d83e5e1a35+extended linux/amd64 BuildDate=2023-06-29T15:56:39Z VendorInfo=snap:0.115.0


                   | EN  
-------------------+-----
  Pages            | 10  
  Paginator pages  |  0  
  Non-page files   |  0  
  Static files     |  1  
  Processed images |  0  
  Aliases          |  1  
  Sitemaps         |  1  
  Cleaned          |  0  

Built in 114 ms
Watching for changes in /root/quickstart/{archetypes,assets,content,data,layouts,static,themes}
Watching for config changes in /root/quickstart/hugo.toml
Environment: "development"
Serving pages from memory
Running in Fast Render Mode. For full rebuilds on change: hugo server --disableFastRender
Web Server is available at http://localhost:80/ (bind address 0.0.0.0)
Press Ctrl+C to stop
Hugo provides its own webserver which builds and serves the site.
While hugo server is high performance, it is a webserver with limited options.

'hugo server' will avoid writing the rendered and served content to disk,
preferring to store it in memory.

By default hugo will also watch your files for any changes you make and
automatically rebuild the site. It will then live reload any open browser pages
and push the latest content to them. As most Hugo sites are built in a fraction
of a second, you will be able to save and see your changes nearly instantly.

Usage:
  hugo server [command] [flags]
  hugo server [command]

Aliases:
  server, serve

Available Commands:
  trust       Install the local CA in the system trust store.

Flags:
      --appendPort             append port to baseURL (default true)
  -b, --baseURL string         hostname (and path) to the root, e.g. https://spf13.com/
      --bind string            interface to which the server will bind (default "127.0.0.1")
  -D, --buildDrafts            include content marked as draft
  -E, --buildExpired           include expired content
  -F, --buildFuture            include content with publishdate in the future
      --cacheDir string        filesystem path to cache directory. Defaults: $TMPDIR/hugo_cache_$USER/
      --cleanDestinationDir    remove files from destination not found in static directories
  -c, --contentDir string      filesystem path to content directory
      --disableBrowserError    do not show build errors in the browser
      --disableFastRender      enables full re-renders on changes
      --disableKinds strings   disable different kind of pages (home, RSS etc.)
      --disableLiveReload      watch without enabling live browser reload on rebuild
      --enableGitInfo          add Git revision, date, author, and CODEOWNERS info to the pages
      --forceSyncStatic        copy all files when static is changed.
      --gc                     enable to run some cleanup tasks (remove unused cache files) after the build
  -h, --help                   help for server
      --ignoreCache            ignores the cache directory
  -l, --layoutDir string       filesystem path to layout directory
      --liveReloadPort int     port for live reloading (i.e. 443 in HTTPS proxy situations) (default -1)
      --meminterval string     interval to poll memory usage (requires --memstats), valid time units are "ns", "us" (or "µs"), "ms", "s", "m", "h". (default "100ms")
      --memstats string        log memory usage to this file
      --minify                 minify any supported output format (HTML, XML etc.)
      --navigateToChanged      navigate to changed content file on live browser reload
      --noBuildLock            don't create .hugo_build.lock file
      --noChmod                don't sync permission mode of files
      --noHTTPCache            prevent HTTP caching
      --noTimes                don't sync modification time of files
      --panicOnWarning         panic on first WARNING log
      --poll string            set this to a poll interval, e.g --poll 700ms, to use a poll based approach to watch for file system changes
  -p, --port int               port on which the server will listen (default 1313)
      --printI18nWarnings      print missing translations
      --printMemoryUsage       print memory usage to screen at intervals
      --printPathWarnings      print warnings on duplicate target paths etc.
      --printUnusedTemplates   print warnings on unused templates.
      --renderStaticToDisk     serve static files from disk and dynamic files from memory
      --renderToDisk           serve all files from disk (default is from memory)
      --templateMetrics        display metrics about template executions
      --templateMetricsHints   calculate some improvement hints when combined with --templateMetrics
  -t, --theme strings          themes to use (located in /themes/THEMENAME/)
      --tlsAuto                generate and use locally-trusted certificates.
      --tlsCertFile string     path to TLS certificate file
      --tlsKeyFile string      path to TLS key file
      --trace file             write trace to file (not useful in general)
  -w, --watch                  watch filesystem for changes and recreate as needed (default true)

Global Flags:
      --clock string               set the clock used by Hugo, e.g. --clock 2021-11-06T22:30:00.00+09:00
      --config string              config file (default is hugo.yaml|json|toml)
      --configDir string           config dir (default "config")
      --debug                      debug output
  -d, --destination string         filesystem path to write files to
  -e, --environment string         build environment
      --ignoreVendorPaths string   ignores any _vendor for module paths matching the given Glob pattern
      --logLevel string            log level (debug|info|warn|error)
      --quiet                      build in quiet mode
  -s, --source string              filesystem path to read files relative from
      --themesDir string           filesystem path to themes directory
  -v, --verbose                    verbose output

Use "hugo server [command] --help" for more information about a command.

Error: command error: server startup failed: listen tcp 20.48.32.159:80: bind: cannot assign requested address
Start building sites … 
hugo v0.115.0-67caf50698783d3b3d78559ac81483d83e5e1a35+extended linux/amd64 BuildDate=2023-06-29T15:56:39Z VendorInfo=snap:0.115.0


                   | EN  
-------------------+-----
  Pages            | 10  
  Paginator pages  |  0  
  Non-page files   |  0  
  Static files     |  1  
  Processed images |  0  
  Aliases          |  1  
  Sitemaps         |  1  
  Cleaned          |  0  

Built in 112 ms
Watching for changes in /root/quickstart/{archetypes,assets,content,data,layouts,static,themes}
Watching for config changes in /root/quickstart/hugo.toml
Environment: "development"
Serving pages from memory
Running in Fast Render Mode. For full rebuilds on change: hugo server --disableFastRender
Web Server is available at http://localhost:80/ (bind address 0.0.0.0)
Press Ctrl+C to stop
Start building sites … 
hugo v0.115.0-67caf50698783d3b3d78559ac81483d83e5e1a35+extended linux/amd64 BuildDate=2023-06-29T15:56:39Z VendorInfo=snap:0.115.0


                   | EN  
-------------------+-----
  Pages            | 10  
  Paginator pages  |  0  
  Non-page files   |  0  
  Static files     |  1  
  Processed images |  0  
  Aliases          |  1  
  Sitemaps         |  1  
  Cleaned          |  0  

Built in 115 ms
Watching for changes in /root/quickstart/{archetypes,assets,content,data,layouts,static,themes}
Watching for config changes in /root/quickstart/hugo.toml
Environment: "development"
Serving pages from memory
Running in Fast Render Mode. For full rebuilds on change: hugo server --disableFastRender
Web Server is available at http://mggg.cloud:80/ (bind address 0.0.0.0)
Press Ctrl+C to stop
Start building sites … 
hugo v0.115.0-67caf50698783d3b3d78559ac81483d83e5e1a35+extended linux/amd64 BuildDate=2023-06-29T15:56:39Z VendorInfo=snap:0.115.0


                   | EN  
-------------------+-----
  Pages            | 10  
  Paginator pages  |  0  
  Non-page files   |  0  
  Static files     |  1  
  Processed images |  0  
  Aliases          |  1  
  Sitemaps         |  1  
  Cleaned          |  0  

Built in 124 ms
Watching for changes in /root/quickstart/{archetypes,assets,content,data,layouts,static,themes}
Watching for config changes in /root/quickstart/hugo.toml
Environment: "development"
Serving pages from memory
Running in Fast Render Mode. For full rebuilds on change: hugo server --disableFastRender
Web Server is available at http://mggg.cloud:1313/ (bind address 0.0.0.0)
Press Ctrl+C to stop

Change of Static files detected, rebuilding site.
2023-07-04 05:30:49.750 +0000
Syncing logo.jpeg to /
ERROR open /root/quickstart/static/logo.jpeg: permission denied

Change of Static files detected, rebuilding site.
2023-07-04 05:30:56.250 +0000
File no longer exists in static dir, removing logo.jpeg
Syncing favicon.png to /
ERROR open /root/quickstart/static/favicon.png: permission denied

Change of Static files detected, rebuilding site.
2023-07-04 05:43:06.250 +0000
Syncing logo.ico to /
ERROR open /root/quickstart/static/logo.ico: permission denied

Change of Static files detected, rebuilding site.
2023-07-04 05:43:08.250 +0000
File no longer exists in static dir, removing favicon.png

Change of config file detected, rebuilding site.
2023-07-04 05:47:04.749 +0000
Rebuilt in 122 ms
adding created directory to watchlist /root/quickstart/static/img

Change of Static files detected, rebuilding site.
2023-07-04 05:48:07.250 +0000
Syncing img to /

Change of Static files detected, rebuilding site.
2023-07-04 05:48:09.251 +0000
File no longer exists in static dir, removing logo.ico
Syncing img/logo.ico to /

Change of config file detected, rebuilding site.
2023-07-04 05:48:20.250 +0000
Rebuilt in 106 ms

Change of Static files detected, rebuilding site.
2023-07-04 05:52:51.250 +0000
File no longer exists in static dir, removing img/logo.ico
Syncing img/favicon.ico to /

Change of config file detected, rebuilding site.
2023-07-05 04:07:44.249 +0000
Rebuilt in 106 ms

Change of Static files detected, rebuilding site.
2023-07-05 10:04:26.750 +0000
Syncing robots.txt to /

Change of Static files detected, rebuilding site.
2023-07-05 10:04:49.750 +0000
Syncing robots.txt to /
Syncing robots.txt to /
Syncing robots.txt to /
Syncing robots.txt to /
